Arguments: 
  D:\Env\Node\node.exe E:\node\globe\node_modules\yarn\bin\yarn.js install

PATH: 
  C:\Windows\system32;C:\Windows;C:\Windows\System32\Wbem;C:\Windows\System32\WindowsPowerShell\v1.0\;C:\Windows\System32\OpenSSH\;C:\Program Files (x86)\NVIDIA Corporation\PhysX\Common;C:\Program Files\NVIDIA Corporation\NVIDIA NvDLISR;C:\WINDOWS\system32;C:\WINDOWS;C:\WINDOWS\System32\Wbem;C:\WINDOWS\System32\WindowsPowerShell\v1.0\;C:\WINDOWS\System32\OpenSSH\;C:\ProgramData\chocolatey\bin;E:\node\globe;C:\Program Files\Git\cmd;D:\Env\Node\;D:\Env\Go\bin;C:\Program Files\Docker\Docker\resources\bin;C:\ProgramData\DockerDesktop\version-bin;D:\Env\Python\Scripts\;D:\Env\Python\;C:\Users\admin\AppData\Local\Microsoft\WindowsApps;E:\GoLib\go\bin;D:\Env\JAVA\jdk-17\bin;D:\Env\Maven\apache-maven-3.6.0\bin;D:\Env\Gradle\gradle-7.0.2\bin;E:\node\globe\bin;C:\Users\admin\AppData\Local\Programs\Microsoft VS Code\bin;D:\IDE\Microsoft VS Code\bin;C:\Users\admin\AppData\Roaming\npm;C:\Users\admin\go\bin;D:\Env\ProtocolBuffer\protoc-3.17.3-win64\bin;D:\IDE\cmder\bin

Yarn version: 
  1.22.10

Node version: 
  14.17.4

Platform: 
  win32 x64

Trace: 
  Error: connect ECONNABORTED 47.246.23.231:443
      at TCPConnectWrap.afterConnect [as oncomplete] (net.js:1148:16)

npm manifest: 
  {
    "name": "proto",
    "version": "1.0.0",
    "main": "index.js",
    "license": "MIT",
    "description": "a demo for grpc node",
    "author": "liqiming",
    "dependencies": {
      "@grpc/grpc-js": "^1.3.7"
    },
    "devDependencies": {
      "@grpc/proto-loader": "^0.6.5"
    }
  }

yarn manifest: 
  No manifest

Lockfile: 
  No lockfile
